<?xml version="1.0" encoding="UTF-8"?>
<!-- Generated by org.testng.reporters.JUnitXMLReporter -->
<testsuite hostname="user-PC" ignored="0" name="Test1" tests="9" failures="0" timestamp="25 Mar 2019 16:24:55 GMT" time="3.413" errors="0">
  <testcase name="@BeforeMethod login" time="0.0" classname="baseclass.BaseUtils">
    <failure type="org.testng.TestNGException" message="
Parameter &amp;apos;url&amp;apos; is required by BeforeMethod on method login but has not been marked @Optional or defined
in E:\TestLeaf\Workspace\PageObjectModel\testng.xml">
      <![CDATA[org.testng.TestNGException: 
Parameter 'url' is required by BeforeMethod on method login but has not been marked @Optional or defined
in E:\TestLeaf\Workspace\PageObjectModel\testng.xml
at java.util.concurrent.FutureTask.run(FutureTask.java:266)
at java.util.concurrent.ThreadPoolExecutor.runWorker(ThreadPoolExecutor.java:1142)
at java.util.concurrent.ThreadPoolExecutor$Worker.run(ThreadPoolExecutor.java:617)
at java.lang.Thread.run(Thread.java:744)
... Removed 16 stack frames]]>
    </failure>
  </testcase> <!-- @BeforeMethod login -->
  <testcase name="@AfterMethod closeApp" time="0.0" classname="baseclass.BaseUtils">
    <skipped/>
  </testcase> <!-- @AfterMethod closeApp -->
  <testcase name="@BeforeMethod login" time="0.0" classname="baseclass.BaseUtils">
    <failure type="org.testng.TestNGException" message="
Parameter &amp;apos;url&amp;apos; is required by BeforeMethod on method login but has not been marked @Optional or defined
in E:\TestLeaf\Workspace\PageObjectModel\testng.xml">
      <![CDATA[org.testng.TestNGException: 
Parameter 'url' is required by BeforeMethod on method login but has not been marked @Optional or defined
in E:\TestLeaf\Workspace\PageObjectModel\testng.xml
at java.util.concurrent.FutureTask.run(FutureTask.java:266)
at java.util.concurrent.ThreadPoolExecutor.runWorker(ThreadPoolExecutor.java:1142)
at java.util.concurrent.ThreadPoolExecutor$Worker.run(ThreadPoolExecutor.java:617)
at java.lang.Thread.run(Thread.java:744)
... Removed 16 stack frames]]>
    </failure>
  </testcase> <!-- @BeforeMethod login -->
  <testcase name="@AfterMethod closeApp" time="0.0" classname="baseclass.BaseUtils">
    <skipped/>
  </testcase> <!-- @AfterMethod closeApp -->
  <testcase name="@BeforeMethod login" time="0.0" classname="baseclass.BaseUtils">
    <failure type="org.testng.TestNGException" message="
Parameter &amp;apos;url&amp;apos; is required by BeforeMethod on method login but has not been marked @Optional or defined
in E:\TestLeaf\Workspace\PageObjectModel\testng.xml">
      <![CDATA[org.testng.TestNGException: 
Parameter 'url' is required by BeforeMethod on method login but has not been marked @Optional or defined
in E:\TestLeaf\Workspace\PageObjectModel\testng.xml
at java.util.concurrent.FutureTask.run(FutureTask.java:266)
at java.util.concurrent.ThreadPoolExecutor.runWorker(ThreadPoolExecutor.java:1142)
at java.util.concurrent.ThreadPoolExecutor$Worker.run(ThreadPoolExecutor.java:617)
at java.lang.Thread.run(Thread.java:744)
... Removed 16 stack frames]]>
    </failure>
  </testcase> <!-- @BeforeMethod login -->
  <testcase name="@AfterMethod closeApp" time="0.0" classname="baseclass.BaseUtils">
    <skipped/>
  </testcase> <!-- @AfterMethod closeApp -->
  <testcase name="@BeforeMethod login" time="0.0" classname="baseclass.BaseUtils">
    <skipped/>
  </testcase> <!-- @BeforeMethod login -->
  <testcase name="@AfterMethod closeApp" time="0.0" classname="baseclass.BaseUtils">
    <skipped/>
  </testcase> <!-- @AfterMethod closeApp -->
  <testcase name="@BeforeMethod login" time="0.0" classname="baseclass.BaseUtils">
    <skipped/>
  </testcase> <!-- @BeforeMethod login -->
  <testcase name="@AfterMethod closeApp" time="0.0" classname="baseclass.BaseUtils">
    <skipped/>
  </testcase> <!-- @AfterMethod closeApp -->
  <testcase name="@BeforeMethod login" time="0.0" classname="baseclass.BaseUtils">
    <skipped/>
  </testcase> <!-- @BeforeMethod login -->
  <testcase name="@AfterMethod closeApp" time="0.0" classname="baseclass.BaseUtils">
    <skipped/>
  </testcase> <!-- @AfterMethod closeApp -->
  <testcase name="@BeforeMethod login" time="0.0" classname="baseclass.BaseUtils">
    <skipped/>
  </testcase> <!-- @BeforeMethod login -->
  <testcase name="@AfterMethod closeApp" time="0.0" classname="baseclass.BaseUtils">
    <skipped/>
  </testcase> <!-- @AfterMethod closeApp -->
  <testcase name="@BeforeMethod login" time="0.0" classname="baseclass.BaseUtils">
    <skipped/>
  </testcase> <!-- @BeforeMethod login -->
  <testcase name="@AfterMethod closeApp" time="0.0" classname="baseclass.BaseUtils">
    <skipped/>
  </testcase> <!-- @AfterMethod closeApp -->
  <testcase name="@BeforeMethod login" time="0.0" classname="baseclass.BaseUtils">
    <failure type="org.testng.TestNGException" message="
Parameter &amp;apos;url&amp;apos; is required by BeforeMethod on method login but has not been marked @Optional or defined
in E:\TestLeaf\Workspace\PageObjectModel\testng.xml">
      <![CDATA[org.testng.TestNGException: 
Parameter 'url' is required by BeforeMethod on method login but has not been marked @Optional or defined
in E:\TestLeaf\Workspace\PageObjectModel\testng.xml
at java.util.concurrent.FutureTask.run(FutureTask.java:266)
at java.util.concurrent.ThreadPoolExecutor.runWorker(ThreadPoolExecutor.java:1142)
at java.util.concurrent.ThreadPoolExecutor$Worker.run(ThreadPoolExecutor.java:617)
at java.lang.Thread.run(Thread.java:744)
... Removed 16 stack frames]]>
    </failure>
  </testcase> <!-- @BeforeMethod login -->
  <testcase name="@AfterMethod closeApp" time="0.0" classname="baseclass.BaseUtils">
    <skipped/>
  </testcase> <!-- @AfterMethod closeApp -->
  <testcase name="LoginAndCreate" time="0.0" classname="testcases.TC004_Duplicate_Lead">
    <skipped/>
  </testcase> <!-- LoginAndCreate -->
  <testcase name="LoginAndCreate" time="0.0" classname="testcases.TC003_Edit_Lead">
    <skipped/>
  </testcase> <!-- LoginAndCreate -->
  <testcase name="LoginAndCreate" time="0.0" classname="testcases.TC001_Create_Lead">
    <skipped/>
  </testcase> <!-- LoginAndCreate -->
  <testcase name="LoginAndCreate" time="0.0" classname="testcases.TC001_Create_Lead">
    <skipped/>
  </testcase> <!-- LoginAndCreate -->
  <testcase name="LoginAndCreate" time="0.0" classname="testcases.TC001_Create_Lead">
    <skipped/>
  </testcase> <!-- LoginAndCreate -->
  <testcase name="LoginAndCreate" time="0.0" classname="testcases.TC001_Create_Lead">
    <skipped/>
  </testcase> <!-- LoginAndCreate -->
  <testcase name="LoginAndCreate" time="0.0" classname="testcases.TC001_Create_Lead">
    <skipped/>
  </testcase> <!-- LoginAndCreate -->
  <testcase name="LoginAndCreate" time="0.0" classname="testcases.TC001_Create_Lead">
    <skipped/>
  </testcase> <!-- LoginAndCreate -->
  <testcase name="LoginAndCreate" time="0.0" classname="testcases.TC002_Delete_Lead">
    <skipped/>
  </testcase> <!-- LoginAndCreate -->
</testsuite> <!-- Test1 -->
