<html>
<head>
<title>TestNG:  Test1</title>
<link href="../testng.css" rel="stylesheet" type="text/css" />
<link href="../my-testng.css" rel="stylesheet" type="text/css" />

<style type="text/css">
.log { display: none;} 
.stack-trace { display: none;} 
</style>
<script type="text/javascript">
<!--
function flip(e) {
  current = e.style.display;
  if (current == 'block') {
    e.style.display = 'none';
    return 0;
  }
  else {
    e.style.display = 'block';
    return 1;
  }
}

function toggleBox(szDivId, elem, msg1, msg2)
{
  var res = -1;  if (document.getElementById) {
    res = flip(document.getElementById(szDivId));
  }
  else if (document.all) {
    // this is the way old msie versions work
    res = flip(document.all[szDivId]);
  }
  if(elem) {
    if(res == 0) elem.innerHTML = msg1; else elem.innerHTML = msg2;
  }

}

function toggleAllBoxes() {
  if (document.getElementsByTagName) {
    d = document.getElementsByTagName('div');
    for (i = 0; i < d.length; i++) {
      if (d[i].className == 'log') {
        flip(d[i]);
      }
    }
  }
}

// -->
</script>

</head>
<body>
<h2 align='center'>Test1</h2><table border='1' align="center">
<tr>
<td>Tests passed/Failed/Skipped:</td><td>0/0/9</td>
</tr><tr>
<td>Started on:</td><td>Mon Mar 25 21:54:52 IST 2019</td>
</tr>
<tr><td>Total time:</td><td>3 seconds (3413 ms)</td>
</tr><tr>
<td>Included groups:</td><td></td>
</tr><tr>
<td>Excluded groups:</td><td></td>
</tr>
</table><p/>
<small><i>(Hover the method name to see the test class name)</i></small><p/>
<table width='100%' border='1' class='invocation-failed'>
<tr><td colspan='4' align='center'><b>FAILED CONFIGURATIONS</b></td></tr>
<tr><td><b>Test method</b></td>
<td width="30%"><b>Exception</b></td>
<td width="10%"><b>Time (seconds)</b></td>
<td><b>Instance</b></td>
</tr>
<tr>
<td title='testcases.TC004_Duplicate_Lead.login()'><b>login</b><br>Test class: testcases.TC004_Duplicate_Lead</td>
<td><div><pre>org.testng.TestNGException: 
Parameter &apos;url&apos; is required by BeforeMethod on method login but has not been marked @Optional or defined
in E:\TestLeaf\Workspace\PageObjectModel\testng.xml
	at java.util.concurrent.FutureTask.run(FutureTask.java:266)
	at java.util.concurrent.ThreadPoolExecutor.runWorker(ThreadPoolExecutor.java:1142)
	at java.util.concurrent.ThreadPoolExecutor$Worker.run(ThreadPoolExecutor.java:617)
	at java.lang.Thread.run(Thread.java:744)
... Removed 16 stack frames</pre></div><a href='#' onClick='toggleBox("stack-trace1024360", this, "Click to show all stack frames", "Click to hide stack frames")'>Click to show all stack frames</a>
<div class='stack-trace' id='stack-trace1024360'><pre>org.testng.TestNGException: 
Parameter &apos;url&apos; is required by BeforeMethod on method login but has not been marked @Optional or defined
in E:\TestLeaf\Workspace\PageObjectModel\testng.xml
	at org.testng.internal.Parameters.createParams(Parameters.java:290)
	at org.testng.internal.Parameters.createParametersForMethod(Parameters.java:359)
	at org.testng.internal.Parameters.createParameters(Parameters.java:620)
	at org.testng.internal.Parameters.createConfigurationParameters(Parameters.java:190)
	at org.testng.internal.Invoker.invokeConfigurations(Invoker.java:209)
	at org.testng.internal.Invoker.invokeMethod(Invoker.java:523)
	at org.testng.internal.Invoker.invokeTestMethod(Invoker.java:719)
	at org.testng.internal.Invoker.invokeTestMethods(Invoker.java:989)
	at org.testng.internal.TestMethodWorker.invokeTestMethods(TestMethodWorker.java:125)
	at org.testng.internal.TestMethodWorker.run(TestMethodWorker.java:109)
	at org.testng.TestRunner.privateRun(TestRunner.java:648)
	at org.testng.TestRunner.run(TestRunner.java:505)
	at org.testng.SuiteRunner.runTest(SuiteRunner.java:455)
	at org.testng.SuiteRunner.access$000(SuiteRunner.java:40)
	at org.testng.SuiteRunner$SuiteWorker.run(SuiteRunner.java:489)
	at org.testng.internal.thread.ThreadUtil$1.call(ThreadUtil.java:52)
	at java.util.concurrent.FutureTask.run(FutureTask.java:266)
	at java.util.concurrent.ThreadPoolExecutor.runWorker(ThreadPoolExecutor.java:1142)
	at java.util.concurrent.ThreadPoolExecutor$Worker.run(ThreadPoolExecutor.java:617)
	at java.lang.Thread.run(Thread.java:744)
</pre></div></td>
<td>0</td>
<td>testcases.TC004_Duplicate_Lead@12b07fd</td></tr>
<tr>
<td title='testcases.TC003_Edit_Lead.login()'><b>login</b><br>Test class: testcases.TC003_Edit_Lead</td>
<td><div><pre>org.testng.TestNGException: 
Parameter &apos;url&apos; is required by BeforeMethod on method login but has not been marked @Optional or defined
in E:\TestLeaf\Workspace\PageObjectModel\testng.xml
	at java.util.concurrent.FutureTask.run(FutureTask.java:266)
	at java.util.concurrent.ThreadPoolExecutor.runWorker(ThreadPoolExecutor.java:1142)
	at java.util.concurrent.ThreadPoolExecutor$Worker.run(ThreadPoolExecutor.java:617)
	at java.lang.Thread.run(Thread.java:744)
... Removed 16 stack frames</pre></div><a href='#' onClick='toggleBox("stack-trace9977630", this, "Click to show all stack frames", "Click to hide stack frames")'>Click to show all stack frames</a>
<div class='stack-trace' id='stack-trace9977630'><pre>org.testng.TestNGException: 
Parameter &apos;url&apos; is required by BeforeMethod on method login but has not been marked @Optional or defined
in E:\TestLeaf\Workspace\PageObjectModel\testng.xml
	at org.testng.internal.Parameters.createParams(Parameters.java:290)
	at org.testng.internal.Parameters.createParametersForMethod(Parameters.java:359)
	at org.testng.internal.Parameters.createParameters(Parameters.java:620)
	at org.testng.internal.Parameters.createConfigurationParameters(Parameters.java:190)
	at org.testng.internal.Invoker.invokeConfigurations(Invoker.java:209)
	at org.testng.internal.Invoker.invokeMethod(Invoker.java:523)
	at org.testng.internal.Invoker.invokeTestMethod(Invoker.java:719)
	at org.testng.internal.Invoker.invokeTestMethods(Invoker.java:989)
	at org.testng.internal.TestMethodWorker.invokeTestMethods(TestMethodWorker.java:125)
	at org.testng.internal.TestMethodWorker.run(TestMethodWorker.java:109)
	at org.testng.TestRunner.privateRun(TestRunner.java:648)
	at org.testng.TestRunner.run(TestRunner.java:505)
	at org.testng.SuiteRunner.runTest(SuiteRunner.java:455)
	at org.testng.SuiteRunner.access$000(SuiteRunner.java:40)
	at org.testng.SuiteRunner$SuiteWorker.run(SuiteRunner.java:489)
	at org.testng.internal.thread.ThreadUtil$1.call(ThreadUtil.java:52)
	at java.util.concurrent.FutureTask.run(FutureTask.java:266)
	at java.util.concurrent.ThreadPoolExecutor.runWorker(ThreadPoolExecutor.java:1142)
	at java.util.concurrent.ThreadPoolExecutor$Worker.run(ThreadPoolExecutor.java:617)
	at java.lang.Thread.run(Thread.java:744)
</pre></div></td>
<td>0</td>
<td>testcases.TC003_Edit_Lead@bfbc86</td></tr>
<tr>
<td title='testcases.TC001_Create_Lead.login()'><b>login</b><br>Test class: testcases.TC001_Create_Lead</td>
<td><div><pre>org.testng.TestNGException: 
Parameter &apos;url&apos; is required by BeforeMethod on method login but has not been marked @Optional or defined
in E:\TestLeaf\Workspace\PageObjectModel\testng.xml
	at java.util.concurrent.FutureTask.run(FutureTask.java:266)
	at java.util.concurrent.ThreadPoolExecutor.runWorker(ThreadPoolExecutor.java:1142)
	at java.util.concurrent.ThreadPoolExecutor$Worker.run(ThreadPoolExecutor.java:617)
	at java.lang.Thread.run(Thread.java:744)
... Removed 16 stack frames</pre></div><a href='#' onClick='toggleBox("stack-trace22375130", this, "Click to show all stack frames", "Click to hide stack frames")'>Click to show all stack frames</a>
<div class='stack-trace' id='stack-trace22375130'><pre>org.testng.TestNGException: 
Parameter &apos;url&apos; is required by BeforeMethod on method login but has not been marked @Optional or defined
in E:\TestLeaf\Workspace\PageObjectModel\testng.xml
	at org.testng.internal.Parameters.createParams(Parameters.java:290)
	at org.testng.internal.Parameters.createParametersForMethod(Parameters.java:359)
	at org.testng.internal.Parameters.createParameters(Parameters.java:620)
	at org.testng.internal.Parameters.createConfigurationParameters(Parameters.java:190)
	at org.testng.internal.Invoker.invokeConfigurations(Invoker.java:209)
	at org.testng.internal.Invoker.invokeMethod(Invoker.java:523)
	at org.testng.internal.Invoker.invokeTestMethod(Invoker.java:719)
	at org.testng.internal.Invoker.invokeTestMethods(Invoker.java:989)
	at org.testng.internal.TestMethodWorker.invokeTestMethods(TestMethodWorker.java:125)
	at org.testng.internal.TestMethodWorker.run(TestMethodWorker.java:109)
	at org.testng.TestRunner.privateRun(TestRunner.java:648)
	at org.testng.TestRunner.run(TestRunner.java:505)
	at org.testng.SuiteRunner.runTest(SuiteRunner.java:455)
	at org.testng.SuiteRunner.access$000(SuiteRunner.java:40)
	at org.testng.SuiteRunner$SuiteWorker.run(SuiteRunner.java:489)
	at org.testng.internal.thread.ThreadUtil$1.call(ThreadUtil.java:52)
	at java.util.concurrent.FutureTask.run(FutureTask.java:266)
	at java.util.concurrent.ThreadPoolExecutor.runWorker(ThreadPoolExecutor.java:1142)
	at java.util.concurrent.ThreadPoolExecutor$Worker.run(ThreadPoolExecutor.java:617)
	at java.lang.Thread.run(Thread.java:744)
</pre></div></td>
<td>0</td>
<td>testcases.TC001_Create_Lead@bf3bbf</td></tr>
<tr>
<td title='testcases.TC002_Delete_Lead.login()'><b>login</b><br>Test class: testcases.TC002_Delete_Lead</td>
<td><div><pre>org.testng.TestNGException: 
Parameter &apos;url&apos; is required by BeforeMethod on method login but has not been marked @Optional or defined
in E:\TestLeaf\Workspace\PageObjectModel\testng.xml
	at java.util.concurrent.FutureTask.run(FutureTask.java:266)
	at java.util.concurrent.ThreadPoolExecutor.runWorker(ThreadPoolExecutor.java:1142)
	at java.util.concurrent.ThreadPoolExecutor$Worker.run(ThreadPoolExecutor.java:617)
	at java.lang.Thread.run(Thread.java:744)
... Removed 16 stack frames</pre></div><a href='#' onClick='toggleBox("stack-trace13060310", this, "Click to show all stack frames", "Click to hide stack frames")'>Click to show all stack frames</a>
<div class='stack-trace' id='stack-trace13060310'><pre>org.testng.TestNGException: 
Parameter &apos;url&apos; is required by BeforeMethod on method login but has not been marked @Optional or defined
in E:\TestLeaf\Workspace\PageObjectModel\testng.xml
	at org.testng.internal.Parameters.createParams(Parameters.java:290)
	at org.testng.internal.Parameters.createParametersForMethod(Parameters.java:359)
	at org.testng.internal.Parameters.createParameters(Parameters.java:620)
	at org.testng.internal.Parameters.createConfigurationParameters(Parameters.java:190)
	at org.testng.internal.Invoker.invokeConfigurations(Invoker.java:209)
	at org.testng.internal.Invoker.invokeMethod(Invoker.java:523)
	at org.testng.internal.Invoker.invokeTestMethod(Invoker.java:719)
	at org.testng.internal.Invoker.invokeTestMethods(Invoker.java:989)
	at org.testng.internal.TestMethodWorker.invokeTestMethods(TestMethodWorker.java:125)
	at org.testng.internal.TestMethodWorker.run(TestMethodWorker.java:109)
	at org.testng.TestRunner.privateRun(TestRunner.java:648)
	at org.testng.TestRunner.run(TestRunner.java:505)
	at org.testng.SuiteRunner.runTest(SuiteRunner.java:455)
	at org.testng.SuiteRunner.access$000(SuiteRunner.java:40)
	at org.testng.SuiteRunner$SuiteWorker.run(SuiteRunner.java:489)
	at org.testng.internal.thread.ThreadUtil$1.call(ThreadUtil.java:52)
	at java.util.concurrent.FutureTask.run(FutureTask.java:266)
	at java.util.concurrent.ThreadPoolExecutor.runWorker(ThreadPoolExecutor.java:1142)
	at java.util.concurrent.ThreadPoolExecutor$Worker.run(ThreadPoolExecutor.java:617)
	at java.lang.Thread.run(Thread.java:744)
</pre></div></td>
<td>0</td>
<td>testcases.TC002_Delete_Lead@1d56113</td></tr>
</table><p>
<table width='100%' border='1' class='invocation-skipped'>
<tr><td colspan='4' align='center'><b>SKIPPED CONFIGURATIONS</b></td></tr>
<tr><td><b>Test method</b></td>
<td width="30%"><b>Exception</b></td>
<td width="10%"><b>Time (seconds)</b></td>
<td><b>Instance</b></td>
</tr>
<tr>
<td title='testcases.TC001_Create_Lead.login()'><b>login</b><br>Test class: testcases.TC001_Create_Lead</td>
<td></td>
<td>0</td>
<td>testcases.TC001_Create_Lead@bf3bbf</td></tr>
<tr>
<td title='testcases.TC001_Create_Lead.login()'><b>login</b><br>Test class: testcases.TC001_Create_Lead</td>
<td></td>
<td>0</td>
<td>testcases.TC001_Create_Lead@bf3bbf</td></tr>
<tr>
<td title='testcases.TC001_Create_Lead.login()'><b>login</b><br>Test class: testcases.TC001_Create_Lead</td>
<td></td>
<td>0</td>
<td>testcases.TC001_Create_Lead@bf3bbf</td></tr>
<tr>
<td title='testcases.TC001_Create_Lead.login()'><b>login</b><br>Test class: testcases.TC001_Create_Lead</td>
<td></td>
<td>0</td>
<td>testcases.TC001_Create_Lead@bf3bbf</td></tr>
<tr>
<td title='testcases.TC001_Create_Lead.login()'><b>login</b><br>Test class: testcases.TC001_Create_Lead</td>
<td></td>
<td>0</td>
<td>testcases.TC001_Create_Lead@bf3bbf</td></tr>
<tr>
<td title='testcases.TC004_Duplicate_Lead.closeApp()'><b>closeApp</b><br>Test class: testcases.TC004_Duplicate_Lead</td>
<td></td>
<td>0</td>
<td>testcases.TC004_Duplicate_Lead@12b07fd</td></tr>
<tr>
<td title='testcases.TC003_Edit_Lead.closeApp()'><b>closeApp</b><br>Test class: testcases.TC003_Edit_Lead</td>
<td></td>
<td>0</td>
<td>testcases.TC003_Edit_Lead@bfbc86</td></tr>
<tr>
<td title='testcases.TC001_Create_Lead.closeApp()'><b>closeApp</b><br>Test class: testcases.TC001_Create_Lead</td>
<td></td>
<td>0</td>
<td>testcases.TC001_Create_Lead@bf3bbf</td></tr>
<tr>
<td title='testcases.TC001_Create_Lead.closeApp()'><b>closeApp</b><br>Test class: testcases.TC001_Create_Lead</td>
<td></td>
<td>0</td>
<td>testcases.TC001_Create_Lead@bf3bbf</td></tr>
<tr>
<td title='testcases.TC001_Create_Lead.closeApp()'><b>closeApp</b><br>Test class: testcases.TC001_Create_Lead</td>
<td></td>
<td>0</td>
<td>testcases.TC001_Create_Lead@bf3bbf</td></tr>
<tr>
<td title='testcases.TC001_Create_Lead.closeApp()'><b>closeApp</b><br>Test class: testcases.TC001_Create_Lead</td>
<td></td>
<td>0</td>
<td>testcases.TC001_Create_Lead@bf3bbf</td></tr>
<tr>
<td title='testcases.TC001_Create_Lead.closeApp()'><b>closeApp</b><br>Test class: testcases.TC001_Create_Lead</td>
<td></td>
<td>0</td>
<td>testcases.TC001_Create_Lead@bf3bbf</td></tr>
<tr>
<td title='testcases.TC001_Create_Lead.closeApp()'><b>closeApp</b><br>Test class: testcases.TC001_Create_Lead</td>
<td></td>
<td>0</td>
<td>testcases.TC001_Create_Lead@bf3bbf</td></tr>
<tr>
<td title='testcases.TC002_Delete_Lead.closeApp()'><b>closeApp</b><br>Test class: testcases.TC002_Delete_Lead</td>
<td></td>
<td>0</td>
<td>testcases.TC002_Delete_Lead@1d56113</td></tr>
</table><p>
<table width='100%' border='1' class='invocation-skipped'>
<tr><td colspan='4' align='center'><b>SKIPPED TESTS</b></td></tr>
<tr><td><b>Test method</b></td>
<td width="30%"><b>Exception</b></td>
<td width="10%"><b>Time (seconds)</b></td>
<td><b>Instance</b></td>
</tr>
<tr>
<td title='testcases.TC004_Duplicate_Lead.LoginAndCreate()'><b>LoginAndCreate</b><br>Test class: testcases.TC004_Duplicate_Lead</td>
<td><div><pre>org.testng.TestNGException: 
Parameter &apos;url&apos; is required by BeforeMethod on method login but has not been marked @Optional or defined
in E:\TestLeaf\Workspace\PageObjectModel\testng.xml
	at java.util.concurrent.FutureTask.run(FutureTask.java:266)
	at java.util.concurrent.ThreadPoolExecutor.runWorker(ThreadPoolExecutor.java:1142)
	at java.util.concurrent.ThreadPoolExecutor$Worker.run(ThreadPoolExecutor.java:617)
	at java.lang.Thread.run(Thread.java:744)
... Removed 16 stack frames</pre></div><a href='#' onClick='toggleBox("stack-trace9871800", this, "Click to show all stack frames", "Click to hide stack frames")'>Click to show all stack frames</a>
<div class='stack-trace' id='stack-trace9871800'><pre>org.testng.TestNGException: 
Parameter &apos;url&apos; is required by BeforeMethod on method login but has not been marked @Optional or defined
in E:\TestLeaf\Workspace\PageObjectModel\testng.xml
	at org.testng.internal.Parameters.createParams(Parameters.java:290)
	at org.testng.internal.Parameters.createParametersForMethod(Parameters.java:359)
	at org.testng.internal.Parameters.createParameters(Parameters.java:620)
	at org.testng.internal.Parameters.createConfigurationParameters(Parameters.java:190)
	at org.testng.internal.Invoker.invokeConfigurations(Invoker.java:209)
	at org.testng.internal.Invoker.invokeMethod(Invoker.java:523)
	at org.testng.internal.Invoker.invokeTestMethod(Invoker.java:719)
	at org.testng.internal.Invoker.invokeTestMethods(Invoker.java:989)
	at org.testng.internal.TestMethodWorker.invokeTestMethods(TestMethodWorker.java:125)
	at org.testng.internal.TestMethodWorker.run(TestMethodWorker.java:109)
	at org.testng.TestRunner.privateRun(TestRunner.java:648)
	at org.testng.TestRunner.run(TestRunner.java:505)
	at org.testng.SuiteRunner.runTest(SuiteRunner.java:455)
	at org.testng.SuiteRunner.access$000(SuiteRunner.java:40)
	at org.testng.SuiteRunner$SuiteWorker.run(SuiteRunner.java:489)
	at org.testng.internal.thread.ThreadUtil$1.call(ThreadUtil.java:52)
	at java.util.concurrent.FutureTask.run(FutureTask.java:266)
	at java.util.concurrent.ThreadPoolExecutor.runWorker(ThreadPoolExecutor.java:1142)
	at java.util.concurrent.ThreadPoolExecutor$Worker.run(ThreadPoolExecutor.java:617)
	at java.lang.Thread.run(Thread.java:744)
</pre></div></td>
<td>0</td>
<td>testcases.TC004_Duplicate_Lead@12b07fd</td></tr>
<tr>
<td title='testcases.TC003_Edit_Lead.LoginAndCreate()'><b>LoginAndCreate</b><br>Test class: testcases.TC003_Edit_Lead</td>
<td><div><pre>org.testng.TestNGException: 
Parameter &apos;url&apos; is required by BeforeMethod on method login but has not been marked @Optional or defined
in E:\TestLeaf\Workspace\PageObjectModel\testng.xml
	at java.util.concurrent.FutureTask.run(FutureTask.java:266)
	at java.util.concurrent.ThreadPoolExecutor.runWorker(ThreadPoolExecutor.java:1142)
	at java.util.concurrent.ThreadPoolExecutor$Worker.run(ThreadPoolExecutor.java:617)
	at java.lang.Thread.run(Thread.java:744)
... Removed 16 stack frames</pre></div><a href='#' onClick='toggleBox("stack-trace9037801", this, "Click to show all stack frames", "Click to hide stack frames")'>Click to show all stack frames</a>
<div class='stack-trace' id='stack-trace9037801'><pre>org.testng.TestNGException: 
Parameter &apos;url&apos; is required by BeforeMethod on method login but has not been marked @Optional or defined
in E:\TestLeaf\Workspace\PageObjectModel\testng.xml
	at org.testng.internal.Parameters.createParams(Parameters.java:290)
	at org.testng.internal.Parameters.createParametersForMethod(Parameters.java:359)
	at org.testng.internal.Parameters.createParameters(Parameters.java:620)
	at org.testng.internal.Parameters.createConfigurationParameters(Parameters.java:190)
	at org.testng.internal.Invoker.invokeConfigurations(Invoker.java:209)
	at org.testng.internal.Invoker.invokeMethod(Invoker.java:523)
	at org.testng.internal.Invoker.invokeTestMethod(Invoker.java:719)
	at org.testng.internal.Invoker.invokeTestMethods(Invoker.java:989)
	at org.testng.internal.TestMethodWorker.invokeTestMethods(TestMethodWorker.java:125)
	at org.testng.internal.TestMethodWorker.run(TestMethodWorker.java:109)
	at org.testng.TestRunner.privateRun(TestRunner.java:648)
	at org.testng.TestRunner.run(TestRunner.java:505)
	at org.testng.SuiteRunner.runTest(SuiteRunner.java:455)
	at org.testng.SuiteRunner.access$000(SuiteRunner.java:40)
	at org.testng.SuiteRunner$SuiteWorker.run(SuiteRunner.java:489)
	at org.testng.internal.thread.ThreadUtil$1.call(ThreadUtil.java:52)
	at java.util.concurrent.FutureTask.run(FutureTask.java:266)
	at java.util.concurrent.ThreadPoolExecutor.runWorker(ThreadPoolExecutor.java:1142)
	at java.util.concurrent.ThreadPoolExecutor$Worker.run(ThreadPoolExecutor.java:617)
	at java.lang.Thread.run(Thread.java:744)
</pre></div></td>
<td>0</td>
<td>testcases.TC003_Edit_Lead@bfbc86</td></tr>
<tr>
<td title='testcases.TC001_Create_Lead.LoginAndCreate()'><b>LoginAndCreate</b><br>Test class: testcases.TC001_Create_Lead</td>
<td><div><pre>org.testng.TestNGException: 
Parameter &apos;url&apos; is required by BeforeMethod on method login but has not been marked @Optional or defined
in E:\TestLeaf\Workspace\PageObjectModel\testng.xml
	at java.util.concurrent.FutureTask.run(FutureTask.java:266)
	at java.util.concurrent.ThreadPoolExecutor.runWorker(ThreadPoolExecutor.java:1142)
	at java.util.concurrent.ThreadPoolExecutor$Worker.run(ThreadPoolExecutor.java:617)
	at java.lang.Thread.run(Thread.java:744)
... Removed 16 stack frames</pre></div><a href='#' onClick='toggleBox("stack-trace5773211", this, "Click to show all stack frames", "Click to hide stack frames")'>Click to show all stack frames</a>
<div class='stack-trace' id='stack-trace5773211'><pre>org.testng.TestNGException: 
Parameter &apos;url&apos; is required by BeforeMethod on method login but has not been marked @Optional or defined
in E:\TestLeaf\Workspace\PageObjectModel\testng.xml
	at org.testng.internal.Parameters.createParams(Parameters.java:290)
	at org.testng.internal.Parameters.createParametersForMethod(Parameters.java:359)
	at org.testng.internal.Parameters.createParameters(Parameters.java:620)
	at org.testng.internal.Parameters.createConfigurationParameters(Parameters.java:190)
	at org.testng.internal.Invoker.invokeConfigurations(Invoker.java:209)
	at org.testng.internal.Invoker.invokeMethod(Invoker.java:523)
	at org.testng.internal.Invoker.invokeTestMethod(Invoker.java:719)
	at org.testng.internal.Invoker.invokeTestMethods(Invoker.java:989)
	at org.testng.internal.TestMethodWorker.invokeTestMethods(TestMethodWorker.java:125)
	at org.testng.internal.TestMethodWorker.run(TestMethodWorker.java:109)
	at org.testng.TestRunner.privateRun(TestRunner.java:648)
	at org.testng.TestRunner.run(TestRunner.java:505)
	at org.testng.SuiteRunner.runTest(SuiteRunner.java:455)
	at org.testng.SuiteRunner.access$000(SuiteRunner.java:40)
	at org.testng.SuiteRunner$SuiteWorker.run(SuiteRunner.java:489)
	at org.testng.internal.thread.ThreadUtil$1.call(ThreadUtil.java:52)
	at java.util.concurrent.FutureTask.run(FutureTask.java:266)
	at java.util.concurrent.ThreadPoolExecutor.runWorker(ThreadPoolExecutor.java:1142)
	at java.util.concurrent.ThreadPoolExecutor$Worker.run(ThreadPoolExecutor.java:617)
	at java.lang.Thread.run(Thread.java:744)
</pre></div></td>
<td>0</td>
<td>testcases.TC001_Create_Lead@bf3bbf</td></tr>
<tr>
<td title='testcases.TC001_Create_Lead.LoginAndCreate()'><b>LoginAndCreate</b><br>Test class: testcases.TC001_Create_Lead</td>
<td><div><pre>org.testng.TestNGException: 
Parameter &apos;url&apos; is required by BeforeMethod on method login but has not been marked @Optional or defined
in E:\TestLeaf\Workspace\PageObjectModel\testng.xml
	at java.util.concurrent.FutureTask.run(FutureTask.java:266)
	at java.util.concurrent.ThreadPoolExecutor.runWorker(ThreadPoolExecutor.java:1142)
	at java.util.concurrent.ThreadPoolExecutor$Worker.run(ThreadPoolExecutor.java:617)
	at java.lang.Thread.run(Thread.java:744)
... Removed 16 stack frames</pre></div><a href='#' onClick='toggleBox("stack-trace5644692", this, "Click to show all stack frames", "Click to hide stack frames")'>Click to show all stack frames</a>
<div class='stack-trace' id='stack-trace5644692'><pre>org.testng.TestNGException: 
Parameter &apos;url&apos; is required by BeforeMethod on method login but has not been marked @Optional or defined
in E:\TestLeaf\Workspace\PageObjectModel\testng.xml
	at org.testng.internal.Parameters.createParams(Parameters.java:290)
	at org.testng.internal.Parameters.createParametersForMethod(Parameters.java:359)
	at org.testng.internal.Parameters.createParameters(Parameters.java:620)
	at org.testng.internal.Parameters.createConfigurationParameters(Parameters.java:190)
	at org.testng.internal.Invoker.invokeConfigurations(Invoker.java:209)
	at org.testng.internal.Invoker.invokeMethod(Invoker.java:523)
	at org.testng.internal.Invoker.invokeTestMethod(Invoker.java:719)
	at org.testng.internal.Invoker.invokeTestMethods(Invoker.java:989)
	at org.testng.internal.TestMethodWorker.invokeTestMethods(TestMethodWorker.java:125)
	at org.testng.internal.TestMethodWorker.run(TestMethodWorker.java:109)
	at org.testng.TestRunner.privateRun(TestRunner.java:648)
	at org.testng.TestRunner.run(TestRunner.java:505)
	at org.testng.SuiteRunner.runTest(SuiteRunner.java:455)
	at org.testng.SuiteRunner.access$000(SuiteRunner.java:40)
	at org.testng.SuiteRunner$SuiteWorker.run(SuiteRunner.java:489)
	at org.testng.internal.thread.ThreadUtil$1.call(ThreadUtil.java:52)
	at java.util.concurrent.FutureTask.run(FutureTask.java:266)
	at java.util.concurrent.ThreadPoolExecutor.runWorker(ThreadPoolExecutor.java:1142)
	at java.util.concurrent.ThreadPoolExecutor$Worker.run(ThreadPoolExecutor.java:617)
	at java.lang.Thread.run(Thread.java:744)
</pre></div></td>
<td>0</td>
<td>testcases.TC001_Create_Lead@bf3bbf</td></tr>
<tr>
<td title='testcases.TC001_Create_Lead.LoginAndCreate()'><b>LoginAndCreate</b><br>Test class: testcases.TC001_Create_Lead</td>
<td><div><pre>org.testng.TestNGException: 
Parameter &apos;url&apos; is required by BeforeMethod on method login but has not been marked @Optional or defined
in E:\TestLeaf\Workspace\PageObjectModel\testng.xml
	at java.util.concurrent.FutureTask.run(FutureTask.java:266)
	at java.util.concurrent.ThreadPoolExecutor.runWorker(ThreadPoolExecutor.java:1142)
	at java.util.concurrent.ThreadPoolExecutor$Worker.run(ThreadPoolExecutor.java:617)
	at java.lang.Thread.run(Thread.java:744)
... Removed 16 stack frames</pre></div><a href='#' onClick='toggleBox("stack-trace25757387", this, "Click to show all stack frames", "Click to hide stack frames")'>Click to show all stack frames</a>
<div class='stack-trace' id='stack-trace25757387'><pre>org.testng.TestNGException: 
Parameter &apos;url&apos; is required by BeforeMethod on method login but has not been marked @Optional or defined
in E:\TestLeaf\Workspace\PageObjectModel\testng.xml
	at org.testng.internal.Parameters.createParams(Parameters.java:290)
	at org.testng.internal.Parameters.createParametersForMethod(Parameters.java:359)
	at org.testng.internal.Parameters.createParameters(Parameters.java:620)
	at org.testng.internal.Parameters.createConfigurationParameters(Parameters.java:190)
	at org.testng.internal.Invoker.invokeConfigurations(Invoker.java:209)
	at org.testng.internal.Invoker.invokeMethod(Invoker.java:523)
	at org.testng.internal.Invoker.invokeTestMethod(Invoker.java:719)
	at org.testng.internal.Invoker.invokeTestMethods(Invoker.java:989)
	at org.testng.internal.TestMethodWorker.invokeTestMethods(TestMethodWorker.java:125)
	at org.testng.internal.TestMethodWorker.run(TestMethodWorker.java:109)
	at org.testng.TestRunner.privateRun(TestRunner.java:648)
	at org.testng.TestRunner.run(TestRunner.java:505)
	at org.testng.SuiteRunner.runTest(SuiteRunner.java:455)
	at org.testng.SuiteRunner.access$000(SuiteRunner.java:40)
	at org.testng.SuiteRunner$SuiteWorker.run(SuiteRunner.java:489)
	at org.testng.internal.thread.ThreadUtil$1.call(ThreadUtil.java:52)
	at java.util.concurrent.FutureTask.run(FutureTask.java:266)
	at java.util.concurrent.ThreadPoolExecutor.runWorker(ThreadPoolExecutor.java:1142)
	at java.util.concurrent.ThreadPoolExecutor$Worker.run(ThreadPoolExecutor.java:617)
	at java.lang.Thread.run(Thread.java:744)
</pre></div></td>
<td>0</td>
<td>testcases.TC001_Create_Lead@bf3bbf</td></tr>
<tr>
<td title='testcases.TC001_Create_Lead.LoginAndCreate()'><b>LoginAndCreate</b><br>Test class: testcases.TC001_Create_Lead</td>
<td><div><pre>org.testng.TestNGException: 
Parameter &apos;url&apos; is required by BeforeMethod on method login but has not been marked @Optional or defined
in E:\TestLeaf\Workspace\PageObjectModel\testng.xml
	at java.util.concurrent.FutureTask.run(FutureTask.java:266)
	at java.util.concurrent.ThreadPoolExecutor.runWorker(ThreadPoolExecutor.java:1142)
	at java.util.concurrent.ThreadPoolExecutor$Worker.run(ThreadPoolExecutor.java:617)
	at java.lang.Thread.run(Thread.java:744)
... Removed 16 stack frames</pre></div><a href='#' onClick='toggleBox("stack-trace32420078", this, "Click to show all stack frames", "Click to hide stack frames")'>Click to show all stack frames</a>
<div class='stack-trace' id='stack-trace32420078'><pre>org.testng.TestNGException: 
Parameter &apos;url&apos; is required by BeforeMethod on method login but has not been marked @Optional or defined
in E:\TestLeaf\Workspace\PageObjectModel\testng.xml
	at org.testng.internal.Parameters.createParams(Parameters.java:290)
	at org.testng.internal.Parameters.createParametersForMethod(Parameters.java:359)
	at org.testng.internal.Parameters.createParameters(Parameters.java:620)
	at org.testng.internal.Parameters.createConfigurationParameters(Parameters.java:190)
	at org.testng.internal.Invoker.invokeConfigurations(Invoker.java:209)
	at org.testng.internal.Invoker.invokeMethod(Invoker.java:523)
	at org.testng.internal.Invoker.invokeTestMethod(Invoker.java:719)
	at org.testng.internal.Invoker.invokeTestMethods(Invoker.java:989)
	at org.testng.internal.TestMethodWorker.invokeTestMethods(TestMethodWorker.java:125)
	at org.testng.internal.TestMethodWorker.run(TestMethodWorker.java:109)
	at org.testng.TestRunner.privateRun(TestRunner.java:648)
	at org.testng.TestRunner.run(TestRunner.java:505)
	at org.testng.SuiteRunner.runTest(SuiteRunner.java:455)
	at org.testng.SuiteRunner.access$000(SuiteRunner.java:40)
	at org.testng.SuiteRunner$SuiteWorker.run(SuiteRunner.java:489)
	at org.testng.internal.thread.ThreadUtil$1.call(ThreadUtil.java:52)
	at java.util.concurrent.FutureTask.run(FutureTask.java:266)
	at java.util.concurrent.ThreadPoolExecutor.runWorker(ThreadPoolExecutor.java:1142)
	at java.util.concurrent.ThreadPoolExecutor$Worker.run(ThreadPoolExecutor.java:617)
	at java.lang.Thread.run(Thread.java:744)
</pre></div></td>
<td>0</td>
<td>testcases.TC001_Create_Lead@bf3bbf</td></tr>
<tr>
<td title='testcases.TC001_Create_Lead.LoginAndCreate()'><b>LoginAndCreate</b><br>Test class: testcases.TC001_Create_Lead</td>
<td><div><pre>org.testng.TestNGException: 
Parameter &apos;url&apos; is required by BeforeMethod on method login but has not been marked @Optional or defined
in E:\TestLeaf\Workspace\PageObjectModel\testng.xml
	at java.util.concurrent.FutureTask.run(FutureTask.java:266)
	at java.util.concurrent.ThreadPoolExecutor.runWorker(ThreadPoolExecutor.java:1142)
	at java.util.concurrent.ThreadPoolExecutor$Worker.run(ThreadPoolExecutor.java:617)
	at java.lang.Thread.run(Thread.java:744)
... Removed 16 stack frames</pre></div><a href='#' onClick='toggleBox("stack-trace12234466", this, "Click to show all stack frames", "Click to hide stack frames")'>Click to show all stack frames</a>
<div class='stack-trace' id='stack-trace12234466'><pre>org.testng.TestNGException: 
Parameter &apos;url&apos; is required by BeforeMethod on method login but has not been marked @Optional or defined
in E:\TestLeaf\Workspace\PageObjectModel\testng.xml
	at org.testng.internal.Parameters.createParams(Parameters.java:290)
	at org.testng.internal.Parameters.createParametersForMethod(Parameters.java:359)
	at org.testng.internal.Parameters.createParameters(Parameters.java:620)
	at org.testng.internal.Parameters.createConfigurationParameters(Parameters.java:190)
	at org.testng.internal.Invoker.invokeConfigurations(Invoker.java:209)
	at org.testng.internal.Invoker.invokeMethod(Invoker.java:523)
	at org.testng.internal.Invoker.invokeTestMethod(Invoker.java:719)
	at org.testng.internal.Invoker.invokeTestMethods(Invoker.java:989)
	at org.testng.internal.TestMethodWorker.invokeTestMethods(TestMethodWorker.java:125)
	at org.testng.internal.TestMethodWorker.run(TestMethodWorker.java:109)
	at org.testng.TestRunner.privateRun(TestRunner.java:648)
	at org.testng.TestRunner.run(TestRunner.java:505)
	at org.testng.SuiteRunner.runTest(SuiteRunner.java:455)
	at org.testng.SuiteRunner.access$000(SuiteRunner.java:40)
	at org.testng.SuiteRunner$SuiteWorker.run(SuiteRunner.java:489)
	at org.testng.internal.thread.ThreadUtil$1.call(ThreadUtil.java:52)
	at java.util.concurrent.FutureTask.run(FutureTask.java:266)
	at java.util.concurrent.ThreadPoolExecutor.runWorker(ThreadPoolExecutor.java:1142)
	at java.util.concurrent.ThreadPoolExecutor$Worker.run(ThreadPoolExecutor.java:617)
	at java.lang.Thread.run(Thread.java:744)
</pre></div></td>
<td>0</td>
<td>testcases.TC001_Create_Lead@bf3bbf</td></tr>
<tr>
<td title='testcases.TC001_Create_Lead.LoginAndCreate()'><b>LoginAndCreate</b><br>Test class: testcases.TC001_Create_Lead</td>
<td><div><pre>org.testng.TestNGException: 
Parameter &apos;url&apos; is required by BeforeMethod on method login but has not been marked @Optional or defined
in E:\TestLeaf\Workspace\PageObjectModel\testng.xml
	at java.util.concurrent.FutureTask.run(FutureTask.java:266)
	at java.util.concurrent.ThreadPoolExecutor.runWorker(ThreadPoolExecutor.java:1142)
	at java.util.concurrent.ThreadPoolExecutor$Worker.run(ThreadPoolExecutor.java:617)
	at java.lang.Thread.run(Thread.java:744)
... Removed 16 stack frames</pre></div><a href='#' onClick='toggleBox("stack-trace33389550", this, "Click to show all stack frames", "Click to hide stack frames")'>Click to show all stack frames</a>
<div class='stack-trace' id='stack-trace33389550'><pre>org.testng.TestNGException: 
Parameter &apos;url&apos; is required by BeforeMethod on method login but has not been marked @Optional or defined
in E:\TestLeaf\Workspace\PageObjectModel\testng.xml
	at org.testng.internal.Parameters.createParams(Parameters.java:290)
	at org.testng.internal.Parameters.createParametersForMethod(Parameters.java:359)
	at org.testng.internal.Parameters.createParameters(Parameters.java:620)
	at org.testng.internal.Parameters.createConfigurationParameters(Parameters.java:190)
	at org.testng.internal.Invoker.invokeConfigurations(Invoker.java:209)
	at org.testng.internal.Invoker.invokeMethod(Invoker.java:523)
	at org.testng.internal.Invoker.invokeTestMethod(Invoker.java:719)
	at org.testng.internal.Invoker.invokeTestMethods(Invoker.java:989)
	at org.testng.internal.TestMethodWorker.invokeTestMethods(TestMethodWorker.java:125)
	at org.testng.internal.TestMethodWorker.run(TestMethodWorker.java:109)
	at org.testng.TestRunner.privateRun(TestRunner.java:648)
	at org.testng.TestRunner.run(TestRunner.java:505)
	at org.testng.SuiteRunner.runTest(SuiteRunner.java:455)
	at org.testng.SuiteRunner.access$000(SuiteRunner.java:40)
	at org.testng.SuiteRunner$SuiteWorker.run(SuiteRunner.java:489)
	at org.testng.internal.thread.ThreadUtil$1.call(ThreadUtil.java:52)
	at java.util.concurrent.FutureTask.run(FutureTask.java:266)
	at java.util.concurrent.ThreadPoolExecutor.runWorker(ThreadPoolExecutor.java:1142)
	at java.util.concurrent.ThreadPoolExecutor$Worker.run(ThreadPoolExecutor.java:617)
	at java.lang.Thread.run(Thread.java:744)
</pre></div></td>
<td>0</td>
<td>testcases.TC001_Create_Lead@bf3bbf</td></tr>
<tr>
<td title='testcases.TC002_Delete_Lead.LoginAndCreate()'><b>LoginAndCreate</b><br>Test class: testcases.TC002_Delete_Lead</td>
<td><div><pre>org.testng.TestNGException: 
Parameter &apos;url&apos; is required by BeforeMethod on method login but has not been marked @Optional or defined
in E:\TestLeaf\Workspace\PageObjectModel\testng.xml
	at java.util.concurrent.FutureTask.run(FutureTask.java:266)
	at java.util.concurrent.ThreadPoolExecutor.runWorker(ThreadPoolExecutor.java:1142)
	at java.util.concurrent.ThreadPoolExecutor$Worker.run(ThreadPoolExecutor.java:617)
	at java.lang.Thread.run(Thread.java:744)
... Removed 16 stack frames</pre></div><a href='#' onClick='toggleBox("stack-trace5493469", this, "Click to show all stack frames", "Click to hide stack frames")'>Click to show all stack frames</a>
<div class='stack-trace' id='stack-trace5493469'><pre>org.testng.TestNGException: 
Parameter &apos;url&apos; is required by BeforeMethod on method login but has not been marked @Optional or defined
in E:\TestLeaf\Workspace\PageObjectModel\testng.xml
	at org.testng.internal.Parameters.createParams(Parameters.java:290)
	at org.testng.internal.Parameters.createParametersForMethod(Parameters.java:359)
	at org.testng.internal.Parameters.createParameters(Parameters.java:620)
	at org.testng.internal.Parameters.createConfigurationParameters(Parameters.java:190)
	at org.testng.internal.Invoker.invokeConfigurations(Invoker.java:209)
	at org.testng.internal.Invoker.invokeMethod(Invoker.java:523)
	at org.testng.internal.Invoker.invokeTestMethod(Invoker.java:719)
	at org.testng.internal.Invoker.invokeTestMethods(Invoker.java:989)
	at org.testng.internal.TestMethodWorker.invokeTestMethods(TestMethodWorker.java:125)
	at org.testng.internal.TestMethodWorker.run(TestMethodWorker.java:109)
	at org.testng.TestRunner.privateRun(TestRunner.java:648)
	at org.testng.TestRunner.run(TestRunner.java:505)
	at org.testng.SuiteRunner.runTest(SuiteRunner.java:455)
	at org.testng.SuiteRunner.access$000(SuiteRunner.java:40)
	at org.testng.SuiteRunner$SuiteWorker.run(SuiteRunner.java:489)
	at org.testng.internal.thread.ThreadUtil$1.call(ThreadUtil.java:52)
	at java.util.concurrent.FutureTask.run(FutureTask.java:266)
	at java.util.concurrent.ThreadPoolExecutor.runWorker(ThreadPoolExecutor.java:1142)
	at java.util.concurrent.ThreadPoolExecutor$Worker.run(ThreadPoolExecutor.java:617)
	at java.lang.Thread.run(Thread.java:744)
</pre></div></td>
<td>0</td>
<td>testcases.TC002_Delete_Lead@1d56113</td></tr>
</table><p>
</body>
</html>